Error: Invalid or corrupt jarfile /home/ec2-user/app/git/Error: Invalid or corrupt jarfile /home/ec2-user/app/git/Spring_Boot

Error: Invalid or corrupt jarfile /home/ec2-user/app/git/
Error: Invalid or corrupt jarfile /home/ec2-user/app/git/Spring_Boot

  .   ____          _            __ _ _
 /\\ / ___'_ __ _ _(_)_ __  __ _ \ \ \ \
( ( )\___ | '_ | '_| | '_ \/ _` | \ \ \ \
 \\/  ___)| |_)| | | | | || (_| |  ) ) ) )
  '  |____| .__|_| |_|_| |_\__, | / / / /
 =========|_|==============|___/=/_/_/_/
 :: Spring Boot ::       (v1.5.10.RELEASE)

2018-07-13 05:21:42.161  INFO 6353 --- [           main] com.devkoo.webservice.Application        : Starting Application on ip-172-31-17-82 with PID 6353 (/home/ec2-user/app/git/webservice-0.0.2.jar started by ec2-user in /home/ec2-user/app/git/Spring_Boot)
2018-07-13 05:21:42.172  INFO 6353 --- [           main] com.devkoo.webservice.Application        : The following profiles are active: local
2018-07-13 05:21:42.350  INFO 6353 --- [           main] ationConfigEmbeddedWebApplicationContext : Refreshing org.springframework.boot.context.embedded.AnnotationConfigEmbeddedWebApplicationContext@759ebb3d: startup date [Fri Jul 13 05:21:42 UTC 2018]; root of context hierarchy
2018-07-13 05:21:45.789  INFO 6353 --- [           main] trationDelegate$BeanPostProcessorChecker : Bean 'org.springframework.transaction.annotation.ProxyTransactionManagementConfiguration' of type [org.springframework.transaction.annotation.ProxyTransactionManagementConfiguration$$EnhancerBySpringCGLIB$$185e80ce] is not eligible for getting processed by all BeanPostProcessors (for example: not eligible for auto-proxying)
2018-07-13 05:21:45.894  INFO 6353 --- [           main] trationDelegate$BeanPostProcessorChecker : Bean 'pl.allegro.tech.boot.autoconfigure.handlebars.HandlebarsHelpersAutoConfiguration' of type [pl.allegro.tech.boot.autoconfigure.handlebars.HandlebarsHelpersAutoConfiguration$$EnhancerBySpringCGLIB$$9727a0a8] is not eligible for getting processed by all BeanPostProcessors (for example: not eligible for auto-proxying)
2018-07-13 05:21:46.152  INFO 6353 --- [           main] trationDelegate$BeanPostProcessorChecker : Bean 'handlebars.resolver-pl.allegro.tech.boot.autoconfigure.handlebars.HandlebarsValueResolversProperties' of type [pl.allegro.tech.boot.autoconfigure.handlebars.HandlebarsValueResolversProperties] is not eligible for getting processed by all BeanPostProcessors (for example: not eligible for auto-proxying)
2018-07-13 05:21:46.244  INFO 6353 --- [           main] trationDelegate$BeanPostProcessorChecker : Bean 'handlebars-pl.allegro.tech.boot.autoconfigure.handlebars.HandlebarsProperties' of type [pl.allegro.tech.boot.autoconfigure.handlebars.HandlebarsProperties] is not eligible for getting processed by all BeanPostProcessors (for example: not eligible for auto-proxying)
2018-07-13 05:21:46.249  INFO 6353 --- [           main] trationDelegate$BeanPostProcessorChecker : Bean 'pl.allegro.tech.boot.autoconfigure.handlebars.HandlebarsAutoConfiguration$HandlebarsViewResolverConfiguration' of type [pl.allegro.tech.boot.autoconfigure.handlebars.HandlebarsAutoConfiguration$HandlebarsViewResolverConfiguration$$EnhancerBySpringCGLIB$$aa0ecb46] is not eligible for getting processed by all BeanPostProcessors (for example: not eligible for auto-proxying)
2018-07-13 05:21:46.478  INFO 6353 --- [           main] trationDelegate$BeanPostProcessorChecker : Bean 'handlebarsViewResolver' of type [com.github.jknack.handlebars.springmvc.HandlebarsViewResolver] is not eligible for getting processed by all BeanPostProcessors (for example: not eligible for auto-proxying)
2018-07-13 05:21:47.247  INFO 6353 --- [           main] s.b.c.e.t.TomcatEmbeddedServletContainer : Tomcat initialized with port(s): 8080 (http)
2018-07-13 05:21:47.283  INFO 6353 --- [           main] o.apache.catalina.core.StandardService   : Starting service [Tomcat]
2018-07-13 05:21:47.284  INFO 6353 --- [           main] org.apache.catalina.core.StandardEngine  : Starting Servlet Engine: Apache Tomcat/8.5.27
2018-07-13 05:21:47.473  INFO 6353 --- [ost-startStop-1] o.a.c.c.C.[Tomcat].[localhost].[/]       : Initializing Spring embedded WebApplicationContext
2018-07-13 05:21:47.473  INFO 6353 --- [ost-startStop-1] o.s.web.context.ContextLoader            : Root WebApplicationContext: initialization completed in 5126 ms
2018-07-13 05:21:48.001  INFO 6353 --- [ost-startStop-1] o.s.b.w.servlet.ServletRegistrationBean  : Mapping servlet: 'dispatcherServlet' to [/]
2018-07-13 05:21:48.002  INFO 6353 --- [ost-startStop-1] o.s.b.w.servlet.ServletRegistrationBean  : Mapping servlet: 'webServlet' to [/h2-console/*]
2018-07-13 05:21:48.008  INFO 6353 --- [ost-startStop-1] o.s.b.w.servlet.FilterRegistrationBean   : Mapping filter: 'metricsFilter' to: [/*]
2018-07-13 05:21:48.009  INFO 6353 --- [ost-startStop-1] o.s.b.w.servlet.FilterRegistrationBean   : Mapping filter: 'characterEncodingFilter' to: [/*]
2018-07-13 05:21:48.009  INFO 6353 --- [ost-startStop-1] o.s.b.w.servlet.FilterRegistrationBean   : Mapping filter: 'hiddenHttpMethodFilter' to: [/*]
2018-07-13 05:21:48.012  INFO 6353 --- [ost-startStop-1] o.s.b.w.servlet.FilterRegistrationBean   : Mapping filter: 'httpPutFormContentFilter' to: [/*]
2018-07-13 05:21:48.012  INFO 6353 --- [ost-startStop-1] o.s.b.w.servlet.FilterRegistrationBean   : Mapping filter: 'requestContextFilter' to: [/*]
2018-07-13 05:21:48.012  INFO 6353 --- [ost-startStop-1] o.s.b.w.servlet.FilterRegistrationBean   : Mapping filter: 'webRequestLoggingFilter' to: [/*]
2018-07-13 05:21:48.013  INFO 6353 --- [ost-startStop-1] o.s.b.w.servlet.FilterRegistrationBean   : Mapping filter: 'applicationContextIdFilter' to: [/*]
2018-07-13 05:21:49.045  INFO 6353 --- [           main] j.LocalContainerEntityManagerFactoryBean : Building JPA container EntityManagerFactory for persistence unit 'default'
2018-07-13 05:21:49.075  INFO 6353 --- [           main] o.hibernate.jpa.internal.util.LogHelper  : HHH000204: Processing PersistenceUnitInfo [
	name: default
	...]
2018-07-13 05:21:49.232  INFO 6353 --- [           main] org.hibernate.Version                    : HHH000412: Hibernate Core {5.2.11.Final}
2018-07-13 05:21:49.237  INFO 6353 --- [           main] org.hibernate.cfg.Environment            : HHH000206: hibernate.properties not found
2018-07-13 05:21:49.318  INFO 6353 --- [           main] o.hibernate.annotations.common.Version   : HCANN000001: Hibernate Commons Annotations {5.0.1.Final}
2018-07-13 05:21:49.708  INFO 6353 --- [           main] org.hibernate.dialect.Dialect            : HHH000400: Using dialect: org.hibernate.dialect.H2Dialect
Hibernate: drop table posts if exists
Hibernate: create table posts (id bigint generated by default as identity, created_date timestamp, modified_date timestamp, author varchar(255), content TEXT not null, title varchar(500) not null, primary key (id))
2018-07-13 05:21:50.845  INFO 6353 --- [           main] o.h.t.schema.internal.SchemaCreatorImpl  : HHH000476: Executing import script 'org.hibernate.tool.schema.internal.exec.ScriptSourceInputNonExistentImpl@21a21c64'
2018-07-13 05:21:50.854  INFO 6353 --- [           main] j.LocalContainerEntityManagerFactoryBean : Initialized JPA EntityManagerFactory for persistence unit 'default'
2018-07-13 05:21:50.976  INFO 6353 --- [           main] o.s.jdbc.datasource.init.ScriptUtils     : Executing SQL script from class path resource [data-h2.sql]
2018-07-13 05:21:50.987  INFO 6353 --- [           main] o.s.jdbc.datasource.init.ScriptUtils     : Executed SQL script from class path resource [data-h2.sql] in 10 ms.
2018-07-13 05:21:51.441  INFO 6353 --- [           main] o.h.h.i.QueryTranslatorFactoryInitiator  : HHH000397: Using ASTQueryTranslatorFactory
2018-07-13 05:21:53.991  INFO 6353 --- [           main] s.w.s.m.m.a.RequestMappingHandlerAdapter : Looking for @ControllerAdvice: org.springframework.boot.context.embedded.AnnotationConfigEmbeddedWebApplicationContext@759ebb3d: startup date [Fri Jul 13 05:21:42 UTC 2018]; root of context hierarchy
2018-07-13 05:21:54.399  INFO 6353 --- [           main] s.w.s.m.m.a.RequestMappingHandlerMapping : Mapped "{[/hello],methods=[GET]}" onto public java.lang.String com.devkoo.webservice.web.WebRestController.hello()
2018-07-13 05:21:54.404  INFO 6353 --- [           main] s.w.s.m.m.a.RequestMappingHandlerMapping : Mapped "{[/welcome],methods=[GET]}" onto public java.lang.String com.devkoo.webservice.web.WebRestController.welcome()
2018-07-13 05:21:54.408  INFO 6353 --- [           main] s.w.s.m.m.a.RequestMappingHandlerMapping : Mapped "{[/posts],methods=[POST]}" onto public java.lang.Long com.devkoo.webservice.web.WebRestController.savePosts(com.devkoo.webservice.web.PostsSaveRequestDto)
2018-07-13 05:21:54.408  INFO 6353 --- [           main] s.w.s.m.m.a.RequestMappingHandlerMapping : Mapped "{[/],methods=[GET]}" onto public java.lang.String com.devkoo.webservice.web.WebController.main(org.springframework.ui.Model)
2018-07-13 05:21:54.416  INFO 6353 --- [           main] s.w.s.m.m.a.RequestMappingHandlerMapping : Mapped "{[/error],produces=[text/html]}" onto public org.springframework.web.servlet.ModelAndView org.springframework.boot.autoconfigure.web.BasicErrorController.errorHtml(javax.servlet.http.HttpServletRequest,javax.servlet.http.HttpServletResponse)
2018-07-13 05:21:54.432  INFO 6353 --- [           main] s.w.s.m.m.a.RequestMappingHandlerMapping : Mapped "{[/error]}" onto public org.springframework.http.ResponseEntity<java.util.Map<java.lang.String, java.lang.Object>> org.springframework.boot.autoconfigure.web.BasicErrorController.error(javax.servlet.http.HttpServletRequest)
2018-07-13 05:21:54.570  INFO 6353 --- [           main] o.s.w.s.handler.SimpleUrlHandlerMapping  : Mapped URL path [/webjars/**] onto handler of type [class org.springframework.web.servlet.resource.ResourceHttpRequestHandler]
2018-07-13 05:21:54.570  INFO 6353 --- [           main] o.s.w.s.handler.SimpleUrlHandlerMapping  : Mapped URL path [/**] onto handler of type [class org.springframework.web.servlet.resource.ResourceHttpRequestHandler]
2018-07-13 05:21:54.732  INFO 6353 --- [           main] o.s.w.s.handler.SimpleUrlHandlerMapping  : Mapped URL path [/**/favicon.ico] onto handler of type [class org.springframework.web.servlet.resource.ResourceHttpRequestHandler]
2018-07-13 05:21:56.174  INFO 6353 --- [           main] o.s.b.a.e.mvc.EndpointHandlerMapping     : Mapped "{[/env/{name:.*}],methods=[GET],produces=[application/vnd.spring-boot.actuator.v1+json || application/json]}" onto public java.lang.Object org.springframework.boot.actuate.endpoint.mvc.EnvironmentMvcEndpoint.value(java.lang.String)
2018-07-13 05:21:56.174  INFO 6353 --- [           main] o.s.b.a.e.mvc.EndpointHandlerMapping     : Mapped "{[/env || /env.json],methods=[GET],produces=[application/vnd.spring-boot.actuator.v1+json || application/json]}" onto public java.lang.Object org.springframework.boot.actuate.endpoint.mvc.EndpointMvcAdapter.invoke()
2018-07-13 05:21:56.175  INFO 6353 --- [           main] o.s.b.a.e.mvc.EndpointHandlerMapping     : Mapped "{[/auditevents || /auditevents.json],methods=[GET],produces=[application/vnd.spring-boot.actuator.v1+json || application/json]}" onto public org.springframework.http.ResponseEntity<?> org.springframework.boot.actuate.endpoint.mvc.AuditEventsMvcEndpoint.findByPrincipalAndAfterAndType(java.lang.String,java.util.Date,java.lang.String)
2018-07-13 05:21:56.176  INFO 6353 --- [           main] o.s.b.a.e.mvc.EndpointHandlerMapping     : Mapped "{[/metrics/{name:.*}],methods=[GET],produces=[application/vnd.spring-boot.actuator.v1+json || application/json]}" onto public java.lang.Object org.springframework.boot.actuate.endpoint.mvc.MetricsMvcEndpoint.value(java.lang.String)
2018-07-13 05:21:56.176  INFO 6353 --- [           main] o.s.b.a.e.mvc.EndpointHandlerMapping     : Mapped "{[/metrics || /metrics.json],methods=[GET],produces=[application/vnd.spring-boot.actuator.v1+json || application/json]}" onto public java.lang.Object org.springframework.boot.actuate.endpoint.mvc.EndpointMvcAdapter.invoke()
2018-07-13 05:21:56.176  INFO 6353 --- [           main] o.s.b.a.e.mvc.EndpointHandlerMapping     : Mapped "{[/beans || /beans.json],methods=[GET],produces=[application/vnd.spring-boot.actuator.v1+json || application/json]}" onto public java.lang.Object org.springframework.boot.actuate.endpoint.mvc.EndpointMvcAdapter.invoke()
2018-07-13 05:21:56.187  INFO 6353 --- [           main] o.s.b.a.e.mvc.EndpointHandlerMapping     : Mapped "{[/info || /info.json],methods=[GET],produces=[application/vnd.spring-boot.actuator.v1+json || application/json]}" onto public java.lang.Object org.springframework.boot.actuate.endpoint.mvc.EndpointMvcAdapter.invoke()
2018-07-13 05:21:56.188  INFO 6353 --- [           main] o.s.b.a.e.mvc.EndpointHandlerMapping     : Mapped "{[/dump || /dump.json],methods=[GET],produces=[application/vnd.spring-boot.actuator.v1+json || application/json]}" onto public java.lang.Object org.springframework.boot.actuate.endpoint.mvc.EndpointMvcAdapter.invoke()
2018-07-13 05:21:56.191  INFO 6353 --- [           main] o.s.b.a.e.mvc.EndpointHandlerMapping     : Mapped "{[/trace || /trace.json],methods=[GET],produces=[application/vnd.spring-boot.actuator.v1+json || application/json]}" onto public java.lang.Object org.springframework.boot.actuate.endpoint.mvc.EndpointMvcAdapter.invoke()
2018-07-13 05:21:56.193  INFO 6353 --- [           main] o.s.b.a.e.mvc.EndpointHandlerMapping     : Mapped "{[/configprops || /configprops.json],methods=[GET],produces=[application/vnd.spring-boot.actuator.v1+json || application/json]}" onto public java.lang.Object org.springframework.boot.actuate.endpoint.mvc.EndpointMvcAdapter.invoke()
2018-07-13 05:21:56.194  INFO 6353 --- [           main] o.s.b.a.e.mvc.EndpointHandlerMapping     : Mapped "{[/heapdump || /heapdump.json],methods=[GET],produces=[application/octet-stream]}" onto public void org.springframework.boot.actuate.endpoint.mvc.HeapdumpMvcEndpoint.invoke(boolean,javax.servlet.http.HttpServletRequest,javax.servlet.http.HttpServletResponse) throws java.io.IOException,javax.servlet.ServletException
2018-07-13 05:21:56.202  INFO 6353 --- [           main] o.s.b.a.e.mvc.EndpointHandlerMapping     : Mapped "{[/mappings || /mappings.json],methods=[GET],produces=[application/vnd.spring-boot.actuator.v1+json || application/json]}" onto public java.lang.Object org.springframework.boot.actuate.endpoint.mvc.EndpointMvcAdapter.invoke()
2018-07-13 05:21:56.203  INFO 6353 --- [           main] o.s.b.a.e.mvc.EndpointHandlerMapping     : Mapped "{[/health || /health.json],methods=[GET],produces=[application/vnd.spring-boot.actuator.v1+json || application/json]}" onto public java.lang.Object org.springframework.boot.actuate.endpoint.mvc.HealthMvcEndpoint.invoke(javax.servlet.http.HttpServletRequest,java.security.Principal)
2018-07-13 05:21:56.208  INFO 6353 --- [           main] o.s.b.a.e.mvc.EndpointHandlerMapping     : Mapped "{[/autoconfig || /autoconfig.json],methods=[GET],produces=[application/vnd.spring-boot.actuator.v1+json || application/json]}" onto public java.lang.Object org.springframework.boot.actuate.endpoint.mvc.EndpointMvcAdapter.invoke()
2018-07-13 05:21:56.216  INFO 6353 --- [           main] o.s.b.a.e.mvc.EndpointHandlerMapping     : Mapped "{[/loggers/{name:.*}],methods=[GET],produces=[application/vnd.spring-boot.actuator.v1+json || application/json]}" onto public java.lang.Object org.springframework.boot.actuate.endpoint.mvc.LoggersMvcEndpoint.get(java.lang.String)
2018-07-13 05:21:56.219  INFO 6353 --- [           main] o.s.b.a.e.mvc.EndpointHandlerMapping     : Mapped "{[/loggers/{name:.*}],methods=[POST],consumes=[application/vnd.spring-boot.actuator.v1+json || application/json],produces=[application/vnd.spring-boot.actuator.v1+json || application/json]}" onto public java.lang.Object org.springframework.boot.actuate.endpoint.mvc.LoggersMvcEndpoint.set(java.lang.String,java.util.Map<java.lang.String, java.lang.String>)
2018-07-13 05:21:56.219  INFO 6353 --- [           main] o.s.b.a.e.mvc.EndpointHandlerMapping     : Mapped "{[/loggers || /loggers.json],methods=[GET],produces=[application/vnd.spring-boot.actuator.v1+json || application/json]}" onto public java.lang.Object org.springframework.boot.actuate.endpoint.mvc.EndpointMvcAdapter.invoke()
2018-07-13 05:21:57.087  INFO 6353 --- [           main] o.s.j.e.a.AnnotationMBeanExporter        : Registering beans for JMX exposure on startup
2018-07-13 05:21:57.112  INFO 6353 --- [           main] o.s.c.support.DefaultLifecycleProcessor  : Starting beans in phase 0
Exception in thread "main" java.lang.reflect.InvocationTargetException
	at sun.reflect.NativeMethodAccessorImpl.invoke0(Native Method)
	at sun.reflect.NativeMethodAccessorImpl.invoke(NativeMethodAccessorImpl.java:62)
	at sun.reflect.DelegatingMethodAccessorImpl.invoke(DelegatingMethodAccessorImpl.java:43)
	at java.lang.reflect.Method.invoke(Method.java:498)
	at org.springframework.boot.loader.MainMethodRunner.run(MainMethodRunner.java:48)
	at org.springframework.boot.loader.Launcher.launch(Launcher.java:87)
	at org.springframework.boot.loader.Launcher.launch(Launcher.java:50)
	at org.springframework.boot.loader.JarLauncher.main(JarLauncher.java:51)
Caused by: java.lang.NoClassDefFoundError: ch/qos/logback/classic/spi/ThrowableProxy
	at ch.qos.logback.classic.spi.LoggingEvent.<init>(LoggingEvent.java:119)
	at ch.qos.logback.classic.Logger.buildLoggingEventAndAppend(Logger.java:419)
	at ch.qos.logback.classic.Logger.filterAndLog_0_Or3Plus(Logger.java:383)
	at ch.qos.logback.classic.Logger.log(Logger.java:765)
	at org.apache.commons.logging.impl.SLF4JLocationAwareLog.error(SLF4JLocationAwareLog.java:216)
	at org.springframework.boot.SpringApplication.reportFailure(SpringApplication.java:771)
	at org.springframework.boot.SpringApplication.handleRunFailure(SpringApplication.java:748)
	at org.springframework.boot.SpringApplication.run(SpringApplication.java:314)
	at org.springframework.boot.SpringApplication.run(SpringApplication.java:1118)
	at org.springframework.boot.SpringApplication.run(SpringApplication.java:1107)
	at com.devkoo.webservice.Application.main(Application.java:12)
	... 8 more
